{"$message_type":"diagnostic","message":"linking with `cc` failed: exit status: 1","code":null,"level":"error","spans":[],"children":[{"message":" \"cc\" \"-m64\" \"<1 object files omitted>\" \"-Wl,--as-needed\" \"-Wl,-Bstatic\" \"<sysroot>/lib/rustlib/x86_64-unknown-linux-gnu/lib/libcompiler_builtins-*.rlib\" \"-Wl,-Bdynamic\" \"-lgcc_s\" \"-lutil\" \"-lrt\" \"-lpthread\" \"-lm\" \"-ldl\" \"-lc\" \"-L\" \"/tmp/rustc7OIO0H/raw-dylibs\" \"-B<sysroot>/lib/rustlib/x86_64-unknown-linux-gnu/bin/gcc-ld\" \"-fuse-ld=lld\" \"-Wl,--eh-frame-hdr\" \"-Wl,-z,noexecstack\" \"-L\" \"/usr/lib/x86_64-linux-gnu/openblas-pthread/\" \"-L\" \"<sysroot>/lib/rustlib/x86_64-unknown-linux-gnu/lib\" \"-o\" \"/home/sms/code/rust_entrenador/target/release/deps/rust_entrenador-82fb416369b403d6\" \"-Wl,--gc-sections\" \"-pie\" \"-Wl,-z,relro,-z,now\" \"-Wl,-O1\" \"-Wl,--strip-debug\" \"-nodefaultlibs\"","code":null,"level":"note","spans":[],"children":[],"rendered":null},{"message":"some arguments are omitted. use `--verbose` to show all linker arguments","code":null,"level":"note","spans":[],"children":[],"rendered":null},{"message":"rust-lld: error: undefined symbol: cblas_sdot\n>>> referenced by rust_entrenador.8cd1c61f5a276cd3-cgu.01\n>>>               /home/sms/code/rust_entrenador/target/release/deps/rust_entrenador-82fb416369b403d6.rust_entrenador.8cd1c61f5a276cd3-cgu.01.rcgu.o:(ndarray::linalg::impl_linalg::_$LT$impl$u20$ndarray..ArrayBase$LT$S$C$ndarray..dimension..dim..Dim$LT$$u5b$usize$u3b$$u20$1$u5d$$GT$$GT$$GT$::dot_impl::hf6c04860d707bb75)\n\nrust-lld: error: undefined symbol: cblas_sgemv\n>>> referenced by rust_entrenador.8cd1c61f5a276cd3-cgu.01\n>>>               /home/sms/code/rust_entrenador/target/release/deps/rust_entrenador-82fb416369b403d6.rust_entrenador.8cd1c61f5a276cd3-cgu.01.rcgu.o:(rust_entrenador::main::h5e17e5801ada3692)\n\nrust-lld: error: undefined symbol: cblas_sgemm\n>>> referenced by rust_entrenador.8cd1c61f5a276cd3-cgu.01\n>>>               /home/sms/code/rust_entrenador/target/release/deps/rust_entrenador-82fb416369b403d6.rust_entrenador.8cd1c61f5a276cd3-cgu.01.rcgu.o:(ndarray::linalg::impl_linalg::mat_mul_impl::h702f13e3cb7c4b0f)\ncollect2: error: ld returned 1 exit status\n","code":null,"level":"note","spans":[],"children":[],"rendered":null}],"rendered":"\u001b[0m\u001b[1m\u001b[38;5;9merror\u001b[0m\u001b[0m\u001b[1m: linking with `cc` failed: exit status: 1\u001b[0m\n\u001b[0m  \u001b[0m\u001b[0m\u001b[1m\u001b[38;5;12m|\u001b[0m\n\u001b[0m  \u001b[0m\u001b[0m\u001b[1m\u001b[38;5;12m= \u001b[0m\u001b[0m\u001b[1mnote\u001b[0m\u001b[0m:  \"cc\" \"-m64\" \"<1 object files omitted>\" \"-Wl,--as-needed\" \"-Wl,-Bstatic\" \"<sysroot>/lib/rustlib/x86_64-unknown-linux-gnu/lib/libcompiler_builtins-*.rlib\" \"-Wl,-Bdynamic\" \"-lgcc_s\" \"-lutil\" \"-lrt\" \"-lpthread\" \"-lm\" \"-ldl\" \"-lc\" \"-L\" \"/tmp/rustc7OIO0H/raw-dylibs\" \"-B<sysroot>/lib/rustlib/x86_64-unknown-linux-gnu/bin/gcc-ld\" \"-fuse-ld=lld\" \"-Wl,--eh-frame-hdr\" \"-Wl,-z,noexecstack\" \"-L\" \"/usr/lib/x86_64-linux-gnu/openblas-pthread/\" \"-L\" \"<sysroot>/lib/rustlib/x86_64-unknown-linux-gnu/lib\" \"-o\" \"/home/sms/code/rust_entrenador/target/release/deps/rust_entrenador-82fb416369b403d6\" \"-Wl,--gc-sections\" \"-pie\" \"-Wl,-z,relro,-z,now\" \"-Wl,-O1\" \"-Wl,--strip-debug\" \"-nodefaultlibs\"\u001b[0m\n\u001b[0m  \u001b[0m\u001b[0m\u001b[1m\u001b[38;5;12m= \u001b[0m\u001b[0m\u001b[1mnote\u001b[0m\u001b[0m: some arguments are omitted. use `--verbose` to show all linker arguments\u001b[0m\n\u001b[0m  \u001b[0m\u001b[0m\u001b[1m\u001b[38;5;12m= \u001b[0m\u001b[0m\u001b[1mnote\u001b[0m\u001b[0m: rust-lld: error: undefined symbol: cblas_sdot\u001b[0m\n\u001b[0m          >>> referenced by rust_entrenador.8cd1c61f5a276cd3-cgu.01\u001b[0m\n\u001b[0m          >>>               /home/sms/code/rust_entrenador/target/release/deps/rust_entrenador-82fb416369b403d6.rust_entrenador.8cd1c61f5a276cd3-cgu.01.rcgu.o:(ndarray::linalg::impl_linalg::_$LT$impl$u20$ndarray..ArrayBase$LT$S$C$ndarray..dimension..dim..Dim$LT$$u5b$usize$u3b$$u20$1$u5d$$GT$$GT$$GT$::dot_impl::hf6c04860d707bb75)\u001b[0m\n\u001b[0m          \u001b[0m\n\u001b[0m          rust-lld: error: undefined symbol: cblas_sgemv\u001b[0m\n\u001b[0m          >>> referenced by rust_entrenador.8cd1c61f5a276cd3-cgu.01\u001b[0m\n\u001b[0m          >>>               /home/sms/code/rust_entrenador/target/release/deps/rust_entrenador-82fb416369b403d6.rust_entrenador.8cd1c61f5a276cd3-cgu.01.rcgu.o:(rust_entrenador::main::h5e17e5801ada3692)\u001b[0m\n\u001b[0m          \u001b[0m\n\u001b[0m          rust-lld: error: undefined symbol: cblas_sgemm\u001b[0m\n\u001b[0m          >>> referenced by rust_entrenador.8cd1c61f5a276cd3-cgu.01\u001b[0m\n\u001b[0m          >>>               /home/sms/code/rust_entrenador/target/release/deps/rust_entrenador-82fb416369b403d6.rust_entrenador.8cd1c61f5a276cd3-cgu.01.rcgu.o:(ndarray::linalg::impl_linalg::mat_mul_impl::h702f13e3cb7c4b0f)\u001b[0m\n\u001b[0m          collect2: error: ld returned 1 exit status\u001b[0m\n\u001b[0m          \u001b[0m\n\n"}
{"$message_type":"diagnostic","message":"aborting due to 1 previous error","code":null,"level":"error","spans":[],"children":[],"rendered":"\u001b[0m\u001b[1m\u001b[38;5;9merror\u001b[0m\u001b[0m\u001b[1m: aborting due to 1 previous error\u001b[0m\n\n"}
